cmake -B build/release  -DCMAKE_BUILD_TYPE=Release  .
cmake --build build/release --config Release
-- 64-bit architecture detected
-- Build type is 'Release'
-- Configuring done
-- Generating done
-- Build files have been written to: /u3/s32jia/kuzu/build/release
gmake[1]: Entering directory '/u3/s32jia/kuzu/build/release'
gmake[2]: Entering directory '/u3/s32jia/kuzu/build/release'
gmake[3]: Entering directory '/u3/s32jia/kuzu/build/release'
gmake[3]: Entering directory '/u3/s32jia/kuzu/build/release'
gmake[3]: Entering directory '/u3/s32jia/kuzu/build/release'
gmake[3]: Entering directory '/u3/s32jia/kuzu/build/release'
gmake[3]: Entering directory '/u3/s32jia/kuzu/build/release'
gmake[3]: Entering directory '/u3/s32jia/kuzu/build/release'
gmake[3]: Entering directory '/u3/s32jia/kuzu/build/release'
gmake[3]: Entering directory '/u3/s32jia/kuzu/build/release'
gmake[3]: Entering directory '/u3/s32jia/kuzu/build/release'
gmake[3]: Entering directory '/u3/s32jia/kuzu/build/release'
gmake[3]: Entering directory '/u3/s32jia/kuzu/build/release'
gmake[3]: Entering directory '/u3/s32jia/kuzu/build/release'
gmake[3]: Entering directory '/u3/s32jia/kuzu/build/release'
gmake[3]: Entering directory '/u3/s32jia/kuzu/build/release'
gmake[3]: Entering directory '/u3/s32jia/kuzu/build/release'
gmake[3]: Entering directory '/u3/s32jia/kuzu/build/release'
gmake[3]: Entering directory '/u3/s32jia/kuzu/build/release'
gmake[3]: Entering directory '/u3/s32jia/kuzu/build/release'
gmake[3]: Entering directory '/u3/s32jia/kuzu/build/release'
gmake[3]: Entering directory '/u3/s32jia/kuzu/build/release'
gmake[3]: Entering directory '/u3/s32jia/kuzu/build/release'
gmake[3]: Entering directory '/u3/s32jia/kuzu/build/release'
gmake[3]: Entering directory '/u3/s32jia/kuzu/build/release'
gmake[3]: Entering directory '/u3/s32jia/kuzu/build/release'
gmake[3]: Entering directory '/u3/s32jia/kuzu/build/release'
gmake[3]: Entering directory '/u3/s32jia/kuzu/build/release'
gmake[3]: Entering directory '/u3/s32jia/kuzu/build/release'
gmake[3]: Entering directory '/u3/s32jia/kuzu/build/release'
gmake[3]: Entering directory '/u3/s32jia/kuzu/build/release'
gmake[3]: Entering directory '/u3/s32jia/kuzu/build/release'
gmake[3]: Entering directory '/u3/s32jia/kuzu/build/release'
gmake[3]: Entering directory '/u3/s32jia/kuzu/build/release'
gmake[3]: Entering directory '/u3/s32jia/kuzu/build/release'
gmake[3]: Entering directory '/u3/s32jia/kuzu/build/release'
gmake[3]: Entering directory '/u3/s32jia/kuzu/build/release'
gmake[3]: Entering directory '/u3/s32jia/kuzu/build/release'
gmake[3]: Entering directory '/u3/s32jia/kuzu/build/release'
gmake[3]: Entering directory '/u3/s32jia/kuzu/build/release'
gmake[3]: Entering directory '/u3/s32jia/kuzu/build/release'
gmake[3]: Entering directory '/u3/s32jia/kuzu/build/release'
gmake[3]: Entering directory '/u3/s32jia/kuzu/build/release'
gmake[3]: Entering directory '/u3/s32jia/kuzu/build/release'
gmake[3]: Entering directory '/u3/s32jia/kuzu/build/release'
gmake[3]: Entering directory '/u3/s32jia/kuzu/build/release'
gmake[3]: Entering directory '/u3/s32jia/kuzu/build/release'
gmake[3]: Entering directory '/u3/s32jia/kuzu/build/release'
gmake[3]: Entering directory '/u3/s32jia/kuzu/build/release'
gmake[3]: Entering directory '/u3/s32jia/kuzu/build/release'
gmake[3]: Entering directory '/u3/s32jia/kuzu/build/release'
gmake[3]: Entering directory '/u3/s32jia/kuzu/build/release'
gmake[3]: Entering directory '/u3/s32jia/kuzu/build/release'
gmake[3]: Entering directory '/u3/s32jia/kuzu/build/release'
gmake[3]: Entering directory '/u3/s32jia/kuzu/build/release'
gmake[3]: Entering directory '/u3/s32jia/kuzu/build/release'
gmake[3]: Entering directory '/u3/s32jia/kuzu/build/release'
gmake[3]: Entering directory '/u3/s32jia/kuzu/build/release'
gmake[3]: Entering directory '/u3/s32jia/kuzu/build/release'
gmake[3]: Entering directory '/u3/s32jia/kuzu/build/release'
gmake[3]: Entering directory '/u3/s32jia/kuzu/build/release'
gmake[3]: Entering directory '/u3/s32jia/kuzu/build/release'
Consolidate compiler generated dependencies of target brotlicommon
gmake[3]: Entering directory '/u3/s32jia/kuzu/build/release'
gmake[3]: Entering directory '/u3/s32jia/kuzu/build/release'
gmake[3]: Entering directory '/u3/s32jia/kuzu/build/release'
gmake[3]: Leaving directory '/u3/s32jia/kuzu/build/release'
Consolidate compiler generated dependencies of target fastpfor
gmake[3]: Entering directory '/u3/s32jia/kuzu/build/release'
gmake[3]: Entering directory '/u3/s32jia/kuzu/build/release'
gmake[3]: Entering directory '/u3/s32jia/kuzu/build/release'
gmake[3]: Entering directory '/u3/s32jia/kuzu/build/release'
gmake[3]: Entering directory '/u3/s32jia/kuzu/build/release'
gmake[3]: Leaving directory '/u3/s32jia/kuzu/build/release'
gmake[3]: Entering directory '/u3/s32jia/kuzu/build/release'
gmake[3]: Entering directory '/u3/s32jia/kuzu/build/release'
gmake[3]: Entering directory '/u3/s32jia/kuzu/build/release'
gmake[3]: Entering directory '/u3/s32jia/kuzu/build/release'
gmake[3]: Entering directory '/u3/s32jia/kuzu/build/release'
gmake[3]: Entering directory '/u3/s32jia/kuzu/build/release'
gmake[3]: Entering directory '/u3/s32jia/kuzu/build/release'
Consolidate compiler generated dependencies of target miniz
gmake[3]: Entering directory '/u3/s32jia/kuzu/build/release'
Consolidate compiler generated dependencies of target utf8proc
gmake[3]: Entering directory '/u3/s32jia/kuzu/build/release'
gmake[3]: Leaving directory '/u3/s32jia/kuzu/build/release'
gmake[3]: Entering directory '/u3/s32jia/kuzu/build/release'
gmake[3]: Entering directory '/u3/s32jia/kuzu/build/release'
gmake[3]: Leaving directory '/u3/s32jia/kuzu/build/release'
gmake[3]: Entering directory '/u3/s32jia/kuzu/build/release'
gmake[3]: Entering directory '/u3/s32jia/kuzu/build/release'
gmake[3]: Entering directory '/u3/s32jia/kuzu/build/release'
gmake[3]: Entering directory '/u3/s32jia/kuzu/build/release'
gmake[3]: Entering directory '/u3/s32jia/kuzu/build/release'
gmake[3]: Entering directory '/u3/s32jia/kuzu/build/release'
gmake[3]: Entering directory '/u3/s32jia/kuzu/build/release'
gmake[3]: Entering directory '/u3/s32jia/kuzu/build/release'
gmake[3]: Entering directory '/u3/s32jia/kuzu/build/release'
gmake[3]: Entering directory '/u3/s32jia/kuzu/build/release'
gmake[3]: Entering directory '/u3/s32jia/kuzu/build/release'
gmake[3]: Entering directory '/u3/s32jia/kuzu/build/release'
gmake[3]: Entering directory '/u3/s32jia/kuzu/build/release'
gmake[3]: Entering directory '/u3/s32jia/kuzu/build/release'
gmake[3]: Entering directory '/u3/s32jia/kuzu/build/release'
gmake[3]: Entering directory '/u3/s32jia/kuzu/build/release'
gmake[3]: Entering directory '/u3/s32jia/kuzu/build/release'
gmake[3]: Entering directory '/u3/s32jia/kuzu/build/release'
gmake[3]: Entering directory '/u3/s32jia/kuzu/build/release'
gmake[3]: Entering directory '/u3/s32jia/kuzu/build/release'
gmake[3]: Entering directory '/u3/s32jia/kuzu/build/release'
[  1%] Built target miniz
[  1%] Built target utf8proc
[  1%] Built target fastpfor
gmake[3]: Entering directory '/u3/s32jia/kuzu/build/release'
Consolidate compiler generated dependencies of target kuzu_binder_bind_ddl
Consolidate compiler generated dependencies of target kuzu_extension
[  2%] Built target brotlicommon
gmake[3]: Leaving directory '/u3/s32jia/kuzu/build/release'
gmake[3]: Leaving directory '/u3/s32jia/kuzu/build/release'
gmake[3]: Entering directory '/u3/s32jia/kuzu/build/release'
gmake[3]: Entering directory '/u3/s32jia/kuzu/build/release'
Consolidate compiler generated dependencies of target kuzu_common_exception
gmake[3]: Leaving directory '/u3/s32jia/kuzu/build/release'
[  2%] Built target kuzu_extension
[  2%] Built target kuzu_binder_bind_ddl
Consolidate compiler generated dependencies of target kuzu_binder_rewriter
gmake[3]: Leaving directory '/u3/s32jia/kuzu/build/release'
[  2%] Built target kuzu_common_exception
[  2%] Built target kuzu_binder_rewriter
Consolidate compiler generated dependencies of target kuzu_parser_visitor
gmake[3]: Leaving directory '/u3/s32jia/kuzu/build/release'
[  3%] Built target kuzu_parser_visitor
Consolidate compiler generated dependencies of target serd
gmake[3]: Leaving directory '/u3/s32jia/kuzu/build/release'
Consolidate compiler generated dependencies of target brotlidec
gmake[3]: Leaving directory '/u3/s32jia/kuzu/build/release'
[  4%] Built target serd
[  4%] Built target brotlidec
Consolidate compiler generated dependencies of target kuzu_planner_simple
Consolidate compiler generated dependencies of target kuzu_planner_ddl
gmake[3]: Leaving directory '/u3/s32jia/kuzu/build/release'
gmake[3]: Leaving directory '/u3/s32jia/kuzu/build/release'
Consolidate compiler generated dependencies of target kuzu_function_pattern
gmake[3]: Leaving directory '/u3/s32jia/kuzu/build/release'
[  4%] Built target kuzu_planner_ddl
Consolidate compiler generated dependencies of target kuzu_processor_operator_persistent_reader
[  4%] Built target kuzu_planner_simple
gmake[3]: Leaving directory '/u3/s32jia/kuzu/build/release'
[  4%] Built target kuzu_function_pattern
Consolidate compiler generated dependencies of target miniparquet
gmake[3]: Leaving directory '/u3/s32jia/kuzu/build/release'
[  5%] Built target kuzu_processor_operator_persistent_reader
Consolidate compiler generated dependencies of target kuzu_common_vector
gmake[3]: Leaving directory '/u3/s32jia/kuzu/build/release'
[  6%] Built target miniparquet
Consolidate compiler generated dependencies of target kuzu_function_sequence
gmake[3]: Entering directory '/u3/s32jia/kuzu/build/release'
gmake[3]: Leaving directory '/u3/s32jia/kuzu/build/release'
[  6%] Built target kuzu_common_vector
Consolidate compiler generated dependencies of target kuzu_binder_visitor
gmake[3]: Leaving directory '/u3/s32jia/kuzu/build/release'
Consolidate compiler generated dependencies of target mbedtls
gmake[3]: Leaving directory '/u3/s32jia/kuzu/build/release'
Consolidate compiler generated dependencies of target kuzu_planner_factorization
[  6%] Built target kuzu_function_sequence
gmake[3]: Leaving directory '/u3/s32jia/kuzu/build/release'
[  6%] Built target kuzu_binder_visitor
Consolidate compiler generated dependencies of target kuzu_function_cast
gmake[3]: Leaving directory '/u3/s32jia/kuzu/build/release'
Consolidate compiler generated dependencies of target kuzu_common_data_chunk
gmake[3]: Leaving directory '/u3/s32jia/kuzu/build/release'
[  9%] Built target mbedtls
Consolidate compiler generated dependencies of target kuzu_function_array
[ 10%] Built target kuzu_planner_factorization
gmake[3]: Leaving directory '/u3/s32jia/kuzu/build/release'
[ 10%] Built target kuzu_common_data_chunk
[ 10%] Built target kuzu_function_cast
Consolidate compiler generated dependencies of target kuzu_common_enums
Consolidate compiler generated dependencies of target kuzu_processor_operator_intersect
Consolidate compiler generated dependencies of target kuzu_common_copier_config
gmake[3]: Leaving directory '/u3/s32jia/kuzu/build/release'
gmake[3]: Leaving directory '/u3/s32jia/kuzu/build/release'
gmake[3]: Leaving directory '/u3/s32jia/kuzu/build/release'
[ 10%] Built target kuzu_function_array
Consolidate compiler generated dependencies of target kuzu_catalog
Consolidate compiler generated dependencies of target kuzu_function_struct
gmake[3]: Leaving directory '/u3/s32jia/kuzu/build/release'
gmake[3]: Leaving directory '/u3/s32jia/kuzu/build/release'
Consolidate compiler generated dependencies of target kuzu_common_serializer
Consolidate compiler generated dependencies of target zstd
gmake[3]: Leaving directory '/u3/s32jia/kuzu/build/release'
gmake[3]: Leaving directory '/u3/s32jia/kuzu/build/release'
gmake[3]: Entering directory '/u3/s32jia/kuzu/build/release'
[ 11%] Built target kuzu_common_enums
[ 11%] Built target kuzu_common_copier_config
Consolidate compiler generated dependencies of target kuzu_table
gmake[3]: Leaving directory '/u3/s32jia/kuzu/build/release'
Consolidate compiler generated dependencies of target kuzu_common_task_system
[ 11%] Built target kuzu_processor_operator_intersect
Consolidate compiler generated dependencies of target kuzu_processor_operator_create_macro
gmake[3]: Leaving directory '/u3/s32jia/kuzu/build/release'
gmake[3]: Leaving directory '/u3/s32jia/kuzu/build/release'
[ 12%] Built target kuzu_function_struct
[ 12%] Building CXX object src/catalog/CMakeFiles/kuzu_catalog.dir/catalog.cpp.o
[ 12%] Built target kuzu_common_serializer
[ 15%] Built target zstd
[ 15%] Built target kuzu_table
Consolidate compiler generated dependencies of target kuzu_processor_operator_npy_reader
gmake[3]: Leaving directory '/u3/s32jia/kuzu/build/release'
Consolidate compiler generated dependencies of target kuzu_planner_extend
gmake[3]: Leaving directory '/u3/s32jia/kuzu/build/release'
Consolidate compiler generated dependencies of target gtest
[ 17%] Built target kuzu_processor_operator_create_macro
[ 17%] Built target kuzu_common_task_system
gmake[3]: Leaving directory '/u3/s32jia/kuzu/build/release'
Consolidate compiler generated dependencies of target kuzu_storage_compression
[ 17%] Built target kuzu_processor_operator_npy_reader
gmake[3]: Leaving directory '/u3/s32jia/kuzu/build/release'
[ 17%] Built target kuzu_planner_extend
Consolidate compiler generated dependencies of target kuzu_function_union
[ 17%] Built target gtest
gmake[3]: Leaving directory '/u3/s32jia/kuzu/build/release'
gmake[3]: Entering directory '/u3/s32jia/kuzu/build/release'
gmake[3]: Entering directory '/u3/s32jia/kuzu/build/release'
Consolidate compiler generated dependencies of target kuzu_processor
gmake[3]: Entering directory '/u3/s32jia/kuzu/build/release'
gmake[3]: Leaving directory '/u3/s32jia/kuzu/build/release'
Consolidate compiler generated dependencies of target kuzu_processor_operator_call
gmake[3]: Leaving directory '/u3/s32jia/kuzu/build/release'
Consolidate compiler generated dependencies of target kuzu_binder_bind_copy
gmake[3]: Leaving directory '/u3/s32jia/kuzu/build/release'
Consolidate compiler generated dependencies of target kuzu_processor_operator_table_scan
[ 17%] Built target kuzu_function_union
[ 17%] Building CXX object src/storage/compression/CMakeFiles/kuzu_storage_compression.dir/compression.cpp.o
gmake[3]: Leaving directory '/u3/s32jia/kuzu/build/release'
[ 17%] Built target kuzu_processor
[ 17%] Built target kuzu_processor_operator_call
Consolidate compiler generated dependencies of target kuzu_function_aggregate
gmake[3]: Leaving directory '/u3/s32jia/kuzu/build/release'
Consolidate compiler generated dependencies of target kuzu_storage_wal
Consolidate compiler generated dependencies of target kuzu_function_map
Consolidate compiler generated dependencies of target kuzu_planner_join_order
[ 18%] Built target kuzu_processor_operator_table_scan
gmake[3]: Leaving directory '/u3/s32jia/kuzu/build/release'
gmake[3]: Leaving directory '/u3/s32jia/kuzu/build/release'
gmake[3]: Leaving directory '/u3/s32jia/kuzu/build/release'
Consolidate compiler generated dependencies of target kuzu_binder_bind_read
[ 19%] Built target kuzu_binder_bind_copy
gmake[3]: Leaving directory '/u3/s32jia/kuzu/build/release'
Consolidate compiler generated dependencies of target kuzu_file_system
gmake[3]: Leaving directory '/u3/s32jia/kuzu/build/release'
Consolidate compiler generated dependencies of target kuzu_storage_index
Consolidate compiler generated dependencies of target kuzu_processor_operator_hash_join
gmake[3]: Leaving directory '/u3/s32jia/kuzu/build/release'
gmake[3]: Leaving directory '/u3/s32jia/kuzu/build/release'
Consolidate compiler generated dependencies of target kuzu_binder_query
[ 19%] Built target kuzu_function_aggregate
Consolidate compiler generated dependencies of target kuzu_processor_operator_rdf_reader
gmake[3]: Entering directory '/u3/s32jia/kuzu/build/release'
gmake[3]: Leaving directory '/u3/s32jia/kuzu/build/release'
gmake[3]: Leaving directory '/u3/s32jia/kuzu/build/release'
[ 20%] Built target kuzu_function_map
[ 20%] Building CXX object src/storage/wal/CMakeFiles/kuzu_storage_wal.dir/wal.cpp.o
gmake[3]: Entering directory '/u3/s32jia/kuzu/build/release'
Consolidate compiler generated dependencies of target kuzu_common_arrow
gmake[3]: Leaving directory '/u3/s32jia/kuzu/build/release'
[ 20%] Building CXX object src/planner/join_order/CMakeFiles/kuzu_planner_join_order.dir/cardinality_estimator.cpp.o
[ 20%] Built target kuzu_file_system
gmake[3]: Entering directory '/u3/s32jia/kuzu/build/release'
Consolidate compiler generated dependencies of target kuzu_parser_expression
Consolidate compiler generated dependencies of target brotlienc
gmake[3]: Leaving directory '/u3/s32jia/kuzu/build/release'
gmake[3]: Leaving directory '/u3/s32jia/kuzu/build/release'
Consolidate compiler generated dependencies of target kuzu_binder_expression
Consolidate compiler generated dependencies of target kuzu_function_path
[ 20%] Built target kuzu_processor_operator_hash_join
gmake[3]: Leaving directory '/u3/s32jia/kuzu/build/release'
gmake[3]: Leaving directory '/u3/s32jia/kuzu/build/release'
[ 20%] Building CXX object src/storage/index/CMakeFiles/kuzu_storage_index.dir/hash_index.cpp.o
[ 20%] Building CXX object src/storage/index/CMakeFiles/kuzu_storage_index.dir/in_mem_hash_index.cpp.o
[ 20%] Built target kuzu_binder_bind_read
[ 20%] Built target kuzu_processor_operator_rdf_reader
Consolidate compiler generated dependencies of target kuzu_storage_buffer_manager
gmake[3]: Leaving directory '/u3/s32jia/kuzu/build/release'
Consolidate compiler generated dependencies of target kuzu_planner_scan
gmake[3]: Leaving directory '/u3/s32jia/kuzu/build/release'
Consolidate compiler generated dependencies of target kuzu_transaction
Consolidate compiler generated dependencies of target kuzu_parser_antlr_parser
[ 21%] Built target kuzu_binder_query
gmake[3]: Leaving directory '/u3/s32jia/kuzu/build/release'
gmake[3]: Leaving directory '/u3/s32jia/kuzu/build/release'
[ 22%] Built target kuzu_parser_expression
[ 23%] Built target kuzu_common_arrow
[ 23%] Built target kuzu_function_path
Consolidate compiler generated dependencies of target kuzu_planner
Consolidate compiler generated dependencies of target kuzu_common_types_value
gmake[3]: Leaving directory '/u3/s32jia/kuzu/build/release'
gmake[3]: Leaving directory '/u3/s32jia/kuzu/build/release'
[ 25%] Built target brotlienc
Consolidate compiler generated dependencies of target kuzu_storage_structure
Consolidate compiler generated dependencies of target kuzu_function_arithmetic
gmake[3]: Leaving directory '/u3/s32jia/kuzu/build/release'
gmake[3]: Leaving directory '/u3/s32jia/kuzu/build/release'
Consolidate compiler generated dependencies of target kuzu_binder
Consolidate compiler generated dependencies of target kuzu_processor_operator_csv_reader
[ 26%] Built target kuzu_binder_expression
gmake[3]: Entering directory '/u3/s32jia/kuzu/build/release'
gmake[3]: Leaving directory '/u3/s32jia/kuzu/build/release'
gmake[3]: Leaving directory '/u3/s32jia/kuzu/build/release'
[ 27%] Built target kuzu_storage_buffer_manager
[ 27%] Built target kuzu_planner_scan
Consolidate compiler generated dependencies of target kuzu_planner_persistent
[ 27%] Building CXX object src/transaction/CMakeFiles/kuzu_transaction.dir/transaction.cpp.o
gmake[3]: Leaving directory '/u3/s32jia/kuzu/build/release'
[ 27%] Building CXX object src/transaction/CMakeFiles/kuzu_transaction.dir/transaction_context.cpp.o
Consolidate compiler generated dependencies of target kuzu_storage_local_storage
gmake[3]: Leaving directory '/u3/s32jia/kuzu/build/release'
Consolidate compiler generated dependencies of target gtest_main
gmake[3]: Leaving directory '/u3/s32jia/kuzu/build/release'
Consolidate compiler generated dependencies of target kuzu_parser
gmake[3]: Leaving directory '/u3/s32jia/kuzu/build/release'
[ 28%] Building CXX object src/transaction/CMakeFiles/kuzu_transaction.dir/transaction_manager.cpp.o
[ 28%] Built target kuzu_function_arithmetic
Consolidate compiler generated dependencies of target gmock
gmake[3]: Entering directory '/u3/s32jia/kuzu/build/release'
gmake[3]: Leaving directory '/u3/s32jia/kuzu/build/release'
[ 29%] Built target gtest_main
[ 29%] Building CXX object src/storage/storage_structure/CMakeFiles/kuzu_storage_structure.dir/disk_array.cpp.o
gmake[3]: Entering directory '/u3/s32jia/kuzu/build/release'
[ 30%] Built target kuzu_common_types_value
[ 30%] Built target kuzu_parser_antlr_parser
[ 30%] Building CXX object src/storage/storage_structure/CMakeFiles/kuzu_storage_structure.dir/overflow_file.cpp.o
Consolidate compiler generated dependencies of target kuzu_processor_operator_ver_length_extend
gmake[3]: Leaving directory '/u3/s32jia/kuzu/build/release'
[ 31%] Building CXX object src/storage/storage_structure/CMakeFiles/kuzu_storage_structure.dir/db_file_utils.cpp.o
Consolidate compiler generated dependencies of target kuzu_expression_evaluator
gmake[3]: Leaving directory '/u3/s32jia/kuzu/build/release'
[ 31%] Built target kuzu_processor_operator_csv_reader
[ 31%] Building CXX object src/planner/CMakeFiles/kuzu_planner.dir/planner.cpp.o
[ 31%] Built target gmock
Consolidate compiler generated dependencies of target kuzu_processor_result
[ 31%] Building CXX object src/planner/CMakeFiles/kuzu_planner.dir/query_planner.cpp.o
Consolidate compiler generated dependencies of target kuzu_processor_operator_scan
gmake[3]: Leaving directory '/u3/s32jia/kuzu/build/release'
gmake[3]: Entering directory '/u3/s32jia/kuzu/build/release'
gmake[3]: Leaving directory '/u3/s32jia/kuzu/build/release'
gmake[3]: Entering directory '/u3/s32jia/kuzu/build/release'
[ 31%] Built target kuzu_planner_persistent
Consolidate compiler generated dependencies of target kuzu_utility_function
gmake[3]: Leaving directory '/u3/s32jia/kuzu/build/release'
[ 31%] Building CXX object src/storage/local_storage/CMakeFiles/kuzu_storage_local_storage.dir/local_node_table.cpp.o
Consolidate compiler generated dependencies of target kuzu_c_api
[ 31%] Building CXX object src/storage/local_storage/CMakeFiles/kuzu_storage_local_storage.dir/local_rel_table.cpp.o
gmake[3]: Leaving directory '/u3/s32jia/kuzu/build/release'
Consolidate compiler generated dependencies of target kuzu_processor_operator_aggregate
[ 31%] Building CXX object src/storage/local_storage/CMakeFiles/kuzu_storage_local_storage.dir/local_storage.cpp.o
Consolidate compiler generated dependencies of target kuzu_processor_operator_ddl
gmake[3]: Leaving directory '/u3/s32jia/kuzu/build/release'
gmake[3]: Leaving directory '/u3/s32jia/kuzu/build/release'
[ 31%] Built target kuzu_binder
Consolidate compiler generated dependencies of target kuzu_processor_operator_parquet_reader
gmake[3]: Leaving directory '/u3/s32jia/kuzu/build/release'
Consolidate compiler generated dependencies of target kuzu_storage
[ 32%] Built target kuzu_expression_evaluator
Consolidate compiler generated dependencies of target kuzu_common
gmake[3]: Leaving directory '/u3/s32jia/kuzu/build/release'
gmake[3]: Leaving directory '/u3/s32jia/kuzu/build/release'
Consolidate compiler generated dependencies of target kuzu_common_types
[ 33%] Built target kuzu_processor_result
gmake[3]: Leaving directory '/u3/s32jia/kuzu/build/release'
gmake[3]: Entering directory '/u3/s32jia/kuzu/build/release'
Consolidate compiler generated dependencies of target kuzu_storage_stats
gmake[3]: Leaving directory '/u3/s32jia/kuzu/build/release'
[ 34%] Built target kuzu_utility_function
gmake[3]: Entering directory '/u3/s32jia/kuzu/build/release'
[ 35%] Built target kuzu_parser
[ 35%] Building CXX object src/processor/operator/recursive_extend/CMakeFiles/kuzu_processor_operator_ver_length_extend.dir/frontier_scanner.cpp.o
[ 35%] Building CXX object src/processor/operator/recursive_extend/CMakeFiles/kuzu_processor_operator_ver_length_extend.dir/recursive_join.cpp.o
Consolidate compiler generated dependencies of target kuzu_processor_operator_order_by
Consolidate compiler generated dependencies of target kuzu_catalog_entry
gmake[3]: Leaving directory '/u3/s32jia/kuzu/build/release'
gmake[3]: Leaving directory '/u3/s32jia/kuzu/build/release'
[ 35%] Building CXX object src/processor/operator/scan/CMakeFiles/kuzu_processor_operator_scan.dir/scan_multi_node_tables.cpp.o
[ 35%] Building CXX object src/processor/operator/scan/CMakeFiles/kuzu_processor_operator_scan.dir/scan_multi_rel_tables.cpp.o
Consolidate compiler generated dependencies of target kuzu_binder_bind_expression
Consolidate compiler generated dependencies of target kuzu_optimizer
[ 35%] Building CXX object src/processor/operator/scan/CMakeFiles/kuzu_processor_operator_scan.dir/scan_rel_table.cpp.o
gmake[3]: Leaving directory '/u3/s32jia/kuzu/build/release'
[ 35%] Building CXX object src/processor/operator/scan/CMakeFiles/kuzu_processor_operator_scan.dir/scan_node_table.cpp.o
gmake[3]: Leaving directory '/u3/s32jia/kuzu/build/release'
[ 35%] Building CXX object src/processor/operator/scan/CMakeFiles/kuzu_processor_operator_scan.dir/scan_table.cpp.o
Consolidate compiler generated dependencies of target kuzu_table_call
Consolidate compiler generated dependencies of target kuzu_processor_operator_simple
[ 35%] Built target kuzu_processor_operator_aggregate
gmake[3]: Leaving directory '/u3/s32jia/kuzu/build/release'
gmake[3]: Leaving directory '/u3/s32jia/kuzu/build/release'
Consolidate compiler generated dependencies of target gmock_main
gmake[3]: Leaving directory '/u3/s32jia/kuzu/build/release'
[ 36%] Built target kuzu_c_api
Consolidate compiler generated dependencies of target kuzu_processor_operator_parquet_writer
gmake[3]: Entering directory '/u3/s32jia/kuzu/build/release'
gmake[3]: Leaving directory '/u3/s32jia/kuzu/build/release'
[ 37%] Built target kuzu_common
[ 37%] Building CXX object src/processor/operator/ddl/CMakeFiles/kuzu_processor_operator_ddl.dir/alter.cpp.o
[ 37%] Building CXX object src/processor/operator/ddl/CMakeFiles/kuzu_processor_operator_ddl.dir/create_table.cpp.o
[ 37%] Built target gmock_main
gmake[3]: Entering directory '/u3/s32jia/kuzu/build/release'
Consolidate compiler generated dependencies of target kuzu_main
gmake[3]: Entering directory '/u3/s32jia/kuzu/build/release'
gmake[3]: Leaving directory '/u3/s32jia/kuzu/build/release'
Consolidate compiler generated dependencies of target re2
gmake[3]: Leaving directory '/u3/s32jia/kuzu/build/release'
[ 38%] Built target kuzu_processor_operator_parquet_reader
[ 38%] Building CXX object src/storage/CMakeFiles/kuzu_storage.dir/storage_manager.cpp.o
[ 40%] Built target kuzu_common_types
[ 40%] Building CXX object src/storage/stats/CMakeFiles/kuzu_storage_stats.dir/node_table_statistics.cpp.o
[ 40%] Building CXX object src/storage/stats/CMakeFiles/kuzu_storage_stats.dir/nodes_store_statistics.cpp.o
[ 40%] Building CXX object src/storage/CMakeFiles/kuzu_storage.dir/undo_buffer.cpp.o
[ 40%] Building CXX object src/storage/stats/CMakeFiles/kuzu_storage_stats.dir/rel_table_statistics.cpp.o
[ 40%] Building CXX object src/storage/stats/CMakeFiles/kuzu_storage_stats.dir/rels_store_statistics.cpp.o
Consolidate compiler generated dependencies of target kuzu_list_function
gmake[3]: Leaving directory '/u3/s32jia/kuzu/build/release'
[ 40%] Building CXX object src/storage/stats/CMakeFiles/kuzu_storage_stats.dir/table_statistics.cpp.o
[ 40%] Building CXX object src/storage/CMakeFiles/kuzu_storage.dir/wal_replayer.cpp.o
[ 40%] Building CXX object src/storage/CMakeFiles/kuzu_storage.dir/wal_replayer_utils.cpp.o
[ 40%] Building CXX object src/storage/stats/CMakeFiles/kuzu_storage_stats.dir/table_statistics_collection.cpp.o
gmake[3]: Entering directory '/u3/s32jia/kuzu/build/release'
[ 41%] Building CXX object src/function/table/call/CMakeFiles/kuzu_table_call.dir/checkpoint.cpp.o
[ 42%] Built target kuzu_catalog_entry
[ 42%] Built target kuzu_processor_operator_order_by
Consolidate compiler generated dependencies of target kuzu_processor_operator_persistent
gmake[3]: Leaving directory '/u3/s32jia/kuzu/build/release'
gmake[3]: Entering directory '/u3/s32jia/kuzu/build/release'
Consolidate compiler generated dependencies of target kuzu_planner_operator
gmake[3]: Leaving directory '/u3/s32jia/kuzu/build/release'
[ 45%] Built target re2
Consolidate compiler generated dependencies of target kuzu_storage_store
gmake[3]: Leaving directory '/u3/s32jia/kuzu/build/release'
[ 46%] Building CXX object src/processor/operator/simple/CMakeFiles/kuzu_processor_operator_simple.dir/attach_database.cpp.o
Consolidate compiler generated dependencies of target kuzu_function
[ 46%] Building CXX object src/function/table/call/CMakeFiles/kuzu_table_call.dir/storage_info.cpp.o
Consolidate compiler generated dependencies of target kuzu_binder_bind
gmake[3]: Leaving directory '/u3/s32jia/kuzu/build/release'
gmake[3]: Leaving directory '/u3/s32jia/kuzu/build/release'
[ 47%] Built target kuzu_processor_operator_parquet_writer
Consolidate compiler generated dependencies of target kuzu_processor_operator
gmake[3]: Entering directory '/u3/s32jia/kuzu/build/release'
[ 48%] Built target kuzu_optimizer
gmake[3]: Leaving directory '/u3/s32jia/kuzu/build/release'
Consolidate compiler generated dependencies of target kuzu_parser_transform
[ 49%] Built target kuzu_binder_bind_expression
gmake[3]: Leaving directory '/u3/s32jia/kuzu/build/release'
[ 51%] Built target kuzu_list_function
[ 51%] Building CXX object src/main/CMakeFiles/kuzu_main.dir/attached_database.cpp.o
gmake[3]: Entering directory '/u3/s32jia/kuzu/build/release'
[ 51%] Building CXX object src/main/CMakeFiles/kuzu_main.dir/client_context.cpp.o
[ 51%] Building CXX object src/storage/store/CMakeFiles/kuzu_storage_store.dir/chunked_node_group.cpp.o
gmake[3]: Entering directory '/u3/s32jia/kuzu/build/release'
[ 51%] Building CXX object src/main/CMakeFiles/kuzu_main.dir/database.cpp.o
[ 52%] Building CXX object src/storage/store/CMakeFiles/kuzu_storage_store.dir/dictionary_column.cpp.o
[ 52%] Building CXX object src/storage/store/CMakeFiles/kuzu_storage_store.dir/column.cpp.o
[ 52%] Building CXX object src/processor/operator/persistent/CMakeFiles/kuzu_processor_operator_persistent.dir/node_batch_insert.cpp.o
[ 52%] Building CXX object src/main/CMakeFiles/kuzu_main.dir/storage_driver.cpp.o
gmake[3]: Entering directory '/u3/s32jia/kuzu/build/release'
Consolidate compiler generated dependencies of target kuzu_planner_plan_operator
[ 52%] Building CXX object src/processor/operator/persistent/CMakeFiles/kuzu_processor_operator_persistent.dir/rel_batch_insert.cpp.o
gmake[3]: Leaving directory '/u3/s32jia/kuzu/build/release'
[ 53%] Building CXX object src/storage/store/CMakeFiles/kuzu_storage_store.dir/node_table.cpp.o
[ 54%] Building CXX object src/storage/store/CMakeFiles/kuzu_storage_store.dir/node_table_data.cpp.o
[ 54%] Building CXX object src/storage/store/CMakeFiles/kuzu_storage_store.dir/null_column.cpp.o
[ 55%] Building CXX object src/processor/operator/CMakeFiles/kuzu_processor_operator.dir/index_lookup.cpp.o
[ 55%] Building CXX object src/storage/store/CMakeFiles/kuzu_storage_store.dir/rel_table.cpp.o
[ 55%] Building CXX object src/storage/store/CMakeFiles/kuzu_storage_store.dir/rel_table_data.cpp.o
[ 55%] Building CXX object src/processor/operator/CMakeFiles/kuzu_processor_operator.dir/index_scan.cpp.o
[ 56%] Building CXX object src/storage/store/CMakeFiles/kuzu_storage_store.dir/string_column.cpp.o
[ 56%] Built target kuzu_planner_operator
[ 56%] Building CXX object src/storage/store/CMakeFiles/kuzu_storage_store.dir/struct_column.cpp.o
[ 56%] Building CXX object src/storage/store/CMakeFiles/kuzu_storage_store.dir/table_data.cpp.o
[ 56%] Building CXX object src/storage/store/CMakeFiles/kuzu_storage_store.dir/list_column.cpp.o
[ 56%] Building CXX object src/processor/operator/persistent/CMakeFiles/kuzu_processor_operator_persistent.dir/delete_executor.cpp.o
[ 56%] Building CXX object src/processor/operator/persistent/CMakeFiles/kuzu_processor_operator_persistent.dir/delete.cpp.o
[ 56%] Building CXX object src/processor/operator/persistent/CMakeFiles/kuzu_processor_operator_persistent.dir/index_builder.cpp.o
[ 56%] Building CXX object src/processor/operator/persistent/CMakeFiles/kuzu_processor_operator_persistent.dir/insert.cpp.o
[ 57%] Building CXX object src/processor/operator/CMakeFiles/kuzu_processor_operator.dir/partitioner.cpp.o
[ 57%] Building CXX object src/processor/operator/persistent/CMakeFiles/kuzu_processor_operator_persistent.dir/insert_executor.cpp.o
[ 57%] Building CXX object src/processor/operator/persistent/CMakeFiles/kuzu_processor_operator_persistent.dir/merge.cpp.o
[ 57%] Building CXX object src/processor/operator/CMakeFiles/kuzu_processor_operator.dir/scan_node_id.cpp.o
[ 57%] Building CXX object src/processor/operator/persistent/CMakeFiles/kuzu_processor_operator_persistent.dir/set.cpp.o
[ 57%] Building CXX object src/processor/operator/CMakeFiles/kuzu_processor_operator.dir/semi_masker.cpp.o
[ 57%] Building CXX object src/processor/operator/persistent/CMakeFiles/kuzu_processor_operator_persistent.dir/set_executor.cpp.o
[ 59%] Built target kuzu_binder_bind
Consolidate compiler generated dependencies of target kuzu_processor_mapper
gmake[3]: Leaving directory '/u3/s32jia/kuzu/build/release'
gmake[3]: Entering directory '/u3/s32jia/kuzu/build/release'
[ 62%] Built target kuzu_function
[ 62%] Building CXX object src/planner/plan/CMakeFiles/kuzu_planner_plan_operator.dir/append_accumulate.cpp.o
[ 62%] Building CXX object src/planner/plan/CMakeFiles/kuzu_planner_plan_operator.dir/append_aggregate.cpp.o
[ 62%] Building CXX object src/planner/plan/CMakeFiles/kuzu_planner_plan_operator.dir/append_cross_product.cpp.o
[ 63%] Building CXX object src/planner/plan/CMakeFiles/kuzu_planner_plan_operator.dir/append_insert.cpp.o
[ 63%] Building CXX object src/planner/plan/CMakeFiles/kuzu_planner_plan_operator.dir/append_delete.cpp.o
[ 63%] Building CXX object src/planner/plan/CMakeFiles/kuzu_planner_plan_operator.dir/append_distinct.cpp.o
[ 63%] Building CXX object src/planner/plan/CMakeFiles/kuzu_planner_plan_operator.dir/append_dummy_scan.cpp.o
[ 63%] Building CXX object src/planner/plan/CMakeFiles/kuzu_planner_plan_operator.dir/append_expressions_scan.cpp.o
[ 63%] Building CXX object src/planner/plan/CMakeFiles/kuzu_planner_plan_operator.dir/append_extend.cpp.o
[ 63%] Building CXX object src/planner/plan/CMakeFiles/kuzu_planner_plan_operator.dir/append_filter.cpp.o
[ 63%] Building CXX object src/planner/plan/CMakeFiles/kuzu_planner_plan_operator.dir/append_flatten.cpp.o
[ 63%] Building CXX object src/planner/plan/CMakeFiles/kuzu_planner_plan_operator.dir/append_in_query_call.cpp.o
[ 65%] Building CXX object src/planner/plan/CMakeFiles/kuzu_planner_plan_operator.dir/append_limit.cpp.o
[ 65%] Building CXX object src/planner/plan/CMakeFiles/kuzu_planner_plan_operator.dir/append_mark_accumulate.cpp.o
[ 65%] Building CXX object src/planner/plan/CMakeFiles/kuzu_planner_plan_operator.dir/append_multiplicity_reducer.cpp.o
[ 65%] Building CXX object src/planner/plan/CMakeFiles/kuzu_planner_plan_operator.dir/append_order_by.cpp.o
[ 65%] Building CXX object src/planner/plan/CMakeFiles/kuzu_planner_plan_operator.dir/append_projection.cpp.o
[ 65%] Building CXX object src/planner/plan/CMakeFiles/kuzu_planner_plan_operator.dir/append_scan_file.cpp.o
[ 65%] Building CXX object src/planner/plan/CMakeFiles/kuzu_planner_plan_operator.dir/append_join.cpp.o
[ 64%] Built target kuzu_parser_transform
[ 65%] Building CXX object src/planner/plan/CMakeFiles/kuzu_planner_plan_operator.dir/append_scan_node.cpp.o
[ 65%] Building CXX object src/planner/plan/CMakeFiles/kuzu_planner_plan_operator.dir/append_set.cpp.o
[ 66%] Building CXX object src/planner/plan/CMakeFiles/kuzu_planner_plan_operator.dir/append_simple.cpp.o
[ 66%] Building CXX object src/planner/plan/CMakeFiles/kuzu_planner_plan_operator.dir/append_unwind.cpp.o
[ 66%] Building CXX object src/planner/plan/CMakeFiles/kuzu_planner_plan_operator.dir/plan_copy.cpp.o
[ 66%] Building CXX object src/planner/plan/CMakeFiles/kuzu_planner_plan_operator.dir/plan_projection.cpp.o
[ 66%] Building CXX object src/planner/plan/CMakeFiles/kuzu_planner_plan_operator.dir/plan_join_order.cpp.o
[ 66%] Building CXX object src/planner/plan/CMakeFiles/kuzu_planner_plan_operator.dir/plan_read.cpp.o
[ 66%] Building CXX object src/planner/plan/CMakeFiles/kuzu_planner_plan_operator.dir/plan_single_query.cpp.o
[ 66%] Building CXX object src/planner/plan/CMakeFiles/kuzu_planner_plan_operator.dir/plan_subquery.cpp.o
[ 66%] Building CXX object src/planner/plan/CMakeFiles/kuzu_planner_plan_operator.dir/plan_update.cpp.o
[ 67%] Building CXX object src/planner/plan/CMakeFiles/kuzu_planner_plan_operator.dir/plan_port_db.cpp.o
Consolidate compiler generated dependencies of target antlr4_runtime
gmake[3]: Leaving directory '/u3/s32jia/kuzu/build/release'
gmake[3]: Entering directory '/u3/s32jia/kuzu/build/release'
[ 68%] Building CXX object src/processor/map/CMakeFiles/kuzu_processor_mapper.dir/map_copy_from.cpp.o
[ 68%] Building CXX object src/processor/map/CMakeFiles/kuzu_processor_mapper.dir/map_insert.cpp.o
[ 68%] Building CXX object src/processor/map/CMakeFiles/kuzu_processor_mapper.dir/map_delete.cpp.o
[ 68%] Building CXX object src/processor/map/CMakeFiles/kuzu_processor_mapper.dir/map_extend.cpp.o
[ 68%] Building CXX object src/processor/map/CMakeFiles/kuzu_processor_mapper.dir/map_index_scan_node.cpp.o
[ 68%] Building CXX object src/processor/map/CMakeFiles/kuzu_processor_mapper.dir/map_merge.cpp.o
[ 68%] Building CXX object src/processor/map/CMakeFiles/kuzu_processor_mapper.dir/map_recursive_extend.cpp.o
[ 69%] Building CXX object src/processor/map/CMakeFiles/kuzu_processor_mapper.dir/map_scan_node.cpp.o
[ 69%] Building CXX object src/processor/map/CMakeFiles/kuzu_processor_mapper.dir/map_scan_node_property.cpp.o
[ 69%] Building CXX object src/processor/map/CMakeFiles/kuzu_processor_mapper.dir/map_semi_masker.cpp.o
[ 69%] Building CXX object src/processor/map/CMakeFiles/kuzu_processor_mapper.dir/map_set.cpp.o
[ 84%] Built target antlr4_runtime
gmake[3]: Entering directory '/u3/s32jia/kuzu/build/release'
[ 84%] Generating ../../../../third_party/antlr4_cypher/cypher_lexer.cpp, ../../../../third_party/antlr4_cypher/cypher_parser.cpp, ../../../../third_party/antlr4_cypher/include/cypher_lexer.h, ../../../../third_party/antlr4_cypher/include/cypher_parser.h
Consolidate compiler generated dependencies of target antlr4_cypher
gmake[3]: Leaving directory '/u3/s32jia/kuzu/build/release'
gmake[3]: Entering directory '/u3/s32jia/kuzu/build/release'
[ 84%] Generating ../../../../third_party/antlr4_cypher/cypher_lexer.cpp, ../../../../third_party/antlr4_cypher/cypher_parser.cpp, ../../../../third_party/antlr4_cypher/include/cypher_lexer.h, ../../../../third_party/antlr4_cypher/include/cypher_parser.h
gmake[3]: Leaving directory '/u3/s32jia/kuzu/build/release'
[ 84%] Built target antlr4_cypher
gmake[3]: Leaving directory '/u3/s32jia/kuzu/build/release'
[ 84%] Built target kuzu_storage_wal
gmake[3]: Leaving directory '/u3/s32jia/kuzu/build/release'
[ 84%] Built target kuzu_storage_structure
gmake[3]: Leaving directory '/u3/s32jia/kuzu/build/release'
[ 84%] Built target kuzu_storage_stats
gmake[3]: Leaving directory '/u3/s32jia/kuzu/build/release'
[ 85%] Built target kuzu_catalog
gmake[3]: Leaving directory '/u3/s32jia/kuzu/build/release'
[ 85%] Built target kuzu_planner_join_order
gmake[3]: Leaving directory '/u3/s32jia/kuzu/build/release'
[ 85%] Built target kuzu_storage_compression
gmake[3]: Leaving directory '/u3/s32jia/kuzu/build/release'
[ 85%] Built target kuzu_processor_operator_scan
gmake[3]: Leaving directory '/u3/s32jia/kuzu/build/release'
[ 85%] Built target kuzu_storage_local_storage
gmake[3]: Leaving directory '/u3/s32jia/kuzu/build/release'
[ 86%] Built target kuzu_processor_operator_ddl
gmake[3]: Leaving directory '/u3/s32jia/kuzu/build/release'
[ 86%] Built target kuzu_transaction
gmake[3]: Leaving directory '/u3/s32jia/kuzu/build/release'
[ 87%] Built target kuzu_storage
gmake[3]: Leaving directory '/u3/s32jia/kuzu/build/release'
[ 89%] Built target kuzu_processor_operator
gmake[3]: Leaving directory '/u3/s32jia/kuzu/build/release'
[ 89%] Built target kuzu_storage_store
gmake[3]: Leaving directory '/u3/s32jia/kuzu/build/release'
[ 90%] Built target kuzu_table_call
gmake[3]: Leaving directory '/u3/s32jia/kuzu/build/release'
[ 90%] Built target kuzu_planner
gmake[3]: Leaving directory '/u3/s32jia/kuzu/build/release'
[ 90%] Built target kuzu_processor_operator_simple
gmake[3]: Leaving directory '/u3/s32jia/kuzu/build/release'
[ 90%] Built target kuzu_processor_operator_ver_length_extend
gmake[3]: Leaving directory '/u3/s32jia/kuzu/build/release'
[ 90%] Built target kuzu_planner_plan_operator
gmake[3]: Leaving directory '/u3/s32jia/kuzu/build/release'
[ 91%] Built target kuzu_processor_operator_persistent
gmake[3]: Leaving directory '/u3/s32jia/kuzu/build/release'
[ 92%] Built target kuzu_main
gmake[3]: Leaving directory '/u3/s32jia/kuzu/build/release'
[ 95%] Built target kuzu_processor_mapper
gmake[3]: Leaving directory '/u3/s32jia/kuzu/build/release'
[ 95%] Built target kuzu_storage_index
gmake[3]: Entering directory '/u3/s32jia/kuzu/build/release'
gmake[3]: Entering directory '/u3/s32jia/kuzu/build/release'
gmake[3]: Leaving directory '/u3/s32jia/kuzu/build/release'
gmake[3]: Leaving directory '/u3/s32jia/kuzu/build/release'
gmake[3]: Entering directory '/u3/s32jia/kuzu/build/release'
gmake[3]: Entering directory '/u3/s32jia/kuzu/build/release'
[ 95%] Linking CXX shared library libkuzu.so
[ 95%] Linking CXX static library libkuzu.a
gmake[3]: Leaving directory '/u3/s32jia/kuzu/build/release'
[ 95%] Built target kuzu
gmake[3]: Entering directory '/u3/s32jia/kuzu/build/release'
gmake[3]: Entering directory '/u3/s32jia/kuzu/build/release'
gmake[3]: Entering directory '/u3/s32jia/kuzu/build/release'
gmake[3]: Entering directory '/u3/s32jia/kuzu/build/release'
Consolidate compiler generated dependencies of target test_helper
gmake[3]: Leaving directory '/u3/s32jia/kuzu/build/release'
gmake[3]: Entering directory '/u3/s32jia/kuzu/build/release'
[ 95%] Building CXX object test/test_helper/CMakeFiles/test_helper.dir/test_helper.cpp.o
Consolidate compiler generated dependencies of target graph_test
gmake[3]: Leaving directory '/u3/s32jia/kuzu/build/release'
Consolidate compiler generated dependencies of target test_runner
gmake[3]: Leaving directory '/u3/s32jia/kuzu/build/release'
gmake[3]: Entering directory '/u3/s32jia/kuzu/build/release'
gmake[3]: Entering directory '/u3/s32jia/kuzu/build/release'
[ 95%] Building CXX object test/graph_test/CMakeFiles/graph_test.dir/base_graph_test.cpp.o
[ 95%] Building CXX object test/graph_test/CMakeFiles/graph_test.dir/graph_test.cpp.o
[ 95%] Building CXX object test/test_runner/CMakeFiles/test_runner.dir/test_runner.cpp.o
[ 95%] Building CXX object test/test_runner/CMakeFiles/test_runner.dir/csv_to_parquet_converter.cpp.o
[ 95%] Building CXX object test/test_runner/CMakeFiles/test_runner.dir/test_parser.cpp.o
Consolidate compiler generated dependencies of target kuzu_shell
gmake[3]: Leaving directory '/u3/s32jia/kuzu/build/release'
gmake[3]: Entering directory '/u3/s32jia/kuzu/build/release'
[ 95%] Building CXX object tools/shell/CMakeFiles/kuzu_shell.dir/embedded_shell.cpp.o
[ 95%] Building CXX object tools/shell/CMakeFiles/kuzu_shell.dir/shell_runner.cpp.o
gmake[3]: Leaving directory '/u3/s32jia/kuzu/build/release'
[ 95%] Built target kuzu_shared
gmake[3]: Entering directory '/u3/s32jia/kuzu/build/release'
gmake[3]: Entering directory '/u3/s32jia/kuzu/build/release'
gmake[3]: Entering directory '/u3/s32jia/kuzu/build/release'
gmake[3]: Leaving directory '/u3/s32jia/kuzu/build/release'
gmake[3]: Entering directory '/u3/s32jia/kuzu/build/release'
[ 95%] Generating kuzu.hpp
Consolidate compiler generated dependencies of target api_test_helper
gmake[3]: Leaving directory '/u3/s32jia/kuzu/build/release'
Consolidate compiler generated dependencies of target api_graph_test
gmake[3]: Leaving directory '/u3/s32jia/kuzu/build/release'
gmake[3]: Entering directory '/u3/s32jia/kuzu/build/release'
gmake[3]: Entering directory '/u3/s32jia/kuzu/build/release'
[ 95%] Building CXX object test/test_helper/CMakeFiles/api_test_helper.dir/test_helper.cpp.o
[ 95%] Building CXX object test/graph_test/CMakeFiles/api_graph_test.dir/base_graph_test.cpp.o
gmake[3]: Leaving directory '/u3/s32jia/kuzu/build/release'
[ 95%] Built target single_file_header
[ 95%] Linking CXX executable kuzu_shell
gmake[3]: Leaving directory '/u3/s32jia/kuzu/build/release'
[ 95%] Built target kuzu_shell
gmake[3]: Leaving directory '/u3/s32jia/kuzu/build/release'
[ 95%] Built target test_helper
gmake[3]: Leaving directory '/u3/s32jia/kuzu/build/release'
[ 95%] Built target api_test_helper
gmake[3]: Leaving directory '/u3/s32jia/kuzu/build/release'
[ 95%] Built target api_graph_test
gmake[3]: Entering directory '/u3/s32jia/kuzu/build/release'
gmake[3]: Entering directory '/u3/s32jia/kuzu/build/release'
Consolidate compiler generated dependencies of target main_test
gmake[3]: Leaving directory '/u3/s32jia/kuzu/build/release'
gmake[3]: Entering directory '/u3/s32jia/kuzu/build/release'
[ 95%] Building CXX object test/main/CMakeFiles/main_test.dir/system_config_test.cpp.o
[ 95%] Building CXX object test/main/CMakeFiles/main_test.dir/arrow_test.cpp.o
[ 95%] Building CXX object test/main/CMakeFiles/main_test.dir/connection_test.cpp.o
[ 95%] Building CXX object test/main/CMakeFiles/main_test.dir/storage_driver_test.cpp.o
[ 96%] Building CXX object test/main/CMakeFiles/main_test.dir/db_locking_test.cpp.o
[ 96%] Building CXX object test/main/CMakeFiles/main_test.dir/prepare_test.cpp.o
[ 96%] Building CXX object test/main/CMakeFiles/main_test.dir/udf_test.cpp.o
[ 96%] Building CXX object test/main/CMakeFiles/main_test.dir/result_value_test.cpp.o
Consolidate compiler generated dependencies of target c_api_test
gmake[3]: Leaving directory '/u3/s32jia/kuzu/build/release'
gmake[3]: Entering directory '/u3/s32jia/kuzu/build/release'
[ 97%] Building CXX object test/c_api/CMakeFiles/c_api_test.dir/flat_tuple_test.cpp.o
[ 97%] Building CXX object test/c_api/CMakeFiles/c_api_test.dir/rdf_variant_test.cpp.o
[ 97%] Building CXX object test/c_api/CMakeFiles/c_api_test.dir/connection_test.cpp.o
[ 97%] Building CXX object test/c_api/CMakeFiles/c_api_test.dir/value_test.cpp.o
[ 97%] Building CXX object test/c_api/CMakeFiles/c_api_test.dir/database_test.cpp.o
[ 97%] Building CXX object test/c_api/CMakeFiles/c_api_test.dir/prepared_statement_test.cpp.o
[ 97%] Building CXX object test/c_api/CMakeFiles/c_api_test.dir/query_result_test.cpp.o
[ 97%] Building CXX object test/c_api/CMakeFiles/c_api_test.dir/version_test.cpp.o
gmake[3]: Leaving directory '/u3/s32jia/kuzu/build/release'
[ 97%] Built target graph_test
gmake[3]: Leaving directory '/u3/s32jia/kuzu/build/release'
[ 97%] Built target test_runner
gmake[3]: Entering directory '/u3/s32jia/kuzu/build/release'
gmake[3]: Entering directory '/u3/s32jia/kuzu/build/release'
gmake[3]: Entering directory '/u3/s32jia/kuzu/build/release'
gmake[3]: Entering directory '/u3/s32jia/kuzu/build/release'
gmake[3]: Entering directory '/u3/s32jia/kuzu/build/release'
gmake[3]: Entering directory '/u3/s32jia/kuzu/build/release'
gmake[3]: Entering directory '/u3/s32jia/kuzu/build/release'
gmake[3]: Entering directory '/u3/s32jia/kuzu/build/release'
gmake[3]: Entering directory '/u3/s32jia/kuzu/build/release'
gmake[3]: Entering directory '/u3/s32jia/kuzu/build/release'
Consolidate compiler generated dependencies of target cleanup_test
gmake[3]: Leaving directory '/u3/s32jia/kuzu/build/release'
Consolidate compiler generated dependencies of target transaction_test
Consolidate compiler generated dependencies of target utils_test
gmake[3]: Leaving directory '/u3/s32jia/kuzu/build/release'
Consolidate compiler generated dependencies of target e2e_test
gmake[3]: Leaving directory '/u3/s32jia/kuzu/build/release'
gmake[3]: Leaving directory '/u3/s32jia/kuzu/build/release'
Consolidate compiler generated dependencies of target copy_tests
gmake[3]: Leaving directory '/u3/s32jia/kuzu/build/release'
gmake[3]: Entering directory '/u3/s32jia/kuzu/build/release'
gmake[3]: Entering directory '/u3/s32jia/kuzu/build/release'
Consolidate compiler generated dependencies of target transaction_manager_test
Consolidate compiler generated dependencies of target node_insertion_deletion_test
Consolidate compiler generated dependencies of target compression_test
gmake[3]: Leaving directory '/u3/s32jia/kuzu/build/release'
gmake[3]: Leaving directory '/u3/s32jia/kuzu/build/release'
gmake[3]: Leaving directory '/u3/s32jia/kuzu/build/release'
Consolidate compiler generated dependencies of target optimizer_test
gmake[3]: Leaving directory '/u3/s32jia/kuzu/build/release'
[ 97%] Linking CXX executable utils_test
gmake[3]: Entering directory '/u3/s32jia/kuzu/build/release'
gmake[3]: Entering directory '/u3/s32jia/kuzu/build/release'
[ 97%] Building CXX object test/runner/CMakeFiles/cleanup_test.dir/cleanup_test.cpp.o
gmake[3]: Entering directory '/u3/s32jia/kuzu/build/release'
gmake[3]: Entering directory '/u3/s32jia/kuzu/build/release'
[ 97%] Linking CXX executable compression_test
[ 97%] Building CXX object test/main/CMakeFiles/transaction_test.dir/transaction_test.cpp.o
[ 97%] Building CXX object test/copy/CMakeFiles/copy_tests.dir/multi_copy_test.cpp.o
[ 97%] Building CXX object test/runner/CMakeFiles/e2e_test.dir/e2e_test.cpp.o
gmake[3]: Entering directory '/u3/s32jia/kuzu/build/release'
gmake[3]: Entering directory '/u3/s32jia/kuzu/build/release'
gmake[3]: Entering directory '/u3/s32jia/kuzu/build/release'
[ 97%] Building CXX object test/storage/CMakeFiles/node_insertion_deletion_test.dir/node_insertion_deletion_test.cpp.o
[ 98%] Building CXX object test/optimizer/CMakeFiles/optimizer_test.dir/optimizer_test.cpp.o
[ 98%] Building CXX object test/transaction/CMakeFiles/transaction_manager_test.dir/transaction_manager_test.cpp.o
Consolidate compiler generated dependencies of target types_test
gmake[3]: Leaving directory '/u3/s32jia/kuzu/build/release'
gmake[3]: Entering directory '/u3/s32jia/kuzu/build/release'
[ 98%] Linking CXX executable types_test
gmake[3]: Leaving directory '/u3/s32jia/kuzu/build/release'
gmake[3]: Leaving directory '/u3/s32jia/kuzu/build/release'
[ 98%] Built target compression_test
[ 99%] Built target types_test
gmake[3]: Leaving directory '/u3/s32jia/kuzu/build/release'
[ 99%] Built target utils_test
[ 99%] Linking CXX executable cleanup_test
[ 99%] Linking CXX executable transaction_manager_test
gmake[3]: Leaving directory '/u3/s32jia/kuzu/build/release'
[ 99%] Built target cleanup_test
[ 99%] Linking CXX executable transaction_test
[ 99%] Linking CXX executable copy_tests
[ 99%] Linking CXX executable node_insertion_deletion_test
gmake[3]: Leaving directory '/u3/s32jia/kuzu/build/release'
[ 99%] Built target transaction_manager_test
[ 99%] Linking CXX executable optimizer_test
gmake[3]: Leaving directory '/u3/s32jia/kuzu/build/release'
[ 99%] Built target transaction_test
[ 99%] Linking CXX executable main_test
gmake[3]: Leaving directory '/u3/s32jia/kuzu/build/release'
[ 99%] Built target copy_tests
gmake[3]: Leaving directory '/u3/s32jia/kuzu/build/release'
[ 99%] Built target main_test
[ 99%] Linking CXX executable e2e_test
gmake[3]: Leaving directory '/u3/s32jia/kuzu/build/release'
[100%] Built target node_insertion_deletion_test
[100%] Linking CXX executable c_api_test
gmake[3]: Leaving directory '/u3/s32jia/kuzu/build/release'
[100%] Built target optimizer_test
gmake[3]: Leaving directory '/u3/s32jia/kuzu/build/release'
[100%] Built target c_api_test
gmake[3]: Leaving directory '/u3/s32jia/kuzu/build/release'
[100%] Built target e2e_test
gmake[2]: Leaving directory '/u3/s32jia/kuzu/build/release'
gmake[1]: Leaving directory '/u3/s32jia/kuzu/build/release'
