NUM_NODES=10000000
num_entries=10000000
Opened the database at path: ./workspace in read-write mode.
Enter ":help" for usage hints.
[6n----------------------------------
| result                         |
----------------------------------
| Table person has been created. |
----------------------------------
(1 tuple)
(1 column)
Time: 0.04ms (compiling), 63.40ms (executing)
┌─────────────────────────────────┐
│┌───────────────────────────────┐│
││         Physical Plan         ││
│└───────────────────────────────┘│
└─────────────────────────────────┘
┌─────────────────────────────────┐
│        RESULT_COLLECTOR         │
│   ---------------------------   │
│         explain result          │
│   ---------------------------   │
│       NumOutputTuples: 0        │
│   ---------------------------   │
│     ExecutionTime: 0.000000     │
└────────────────┬────────────────┘
┌────────────────┴────────────────┐
│             PROFILE             │
│   ---------------------------   │
│             Explain             │
│   ---------------------------   │
│       NumOutputTuples: 0        │
│   ---------------------------   │
│     ExecutionTime: 0.000000     │
└────────────────┬────────────────┘
┌────────────────┴────────────────┐
│        RESULT_COLLECTOR         │
│   ---------------------------   │
│             result              │
│   ---------------------------   │
│       NumOutputTuples: 0        │
│   ---------------------------   │
│     ExecutionTime: 0.160000     │
└────────────────┬────────────────┘
┌────────────────┴────────────────┐
│          IN_QUERY_CALL          │
│   ---------------------------   │
│             result              │
│   ---------------------------   │
│       NumOutputTuples: 0        │
│   ---------------------------   │
│     ExecutionTime: 0.002000     │
└────────────────┬────────────────┘
┌────────────────┴────────────────┐
│          BATCH_INSERT           │
│   ---------------------------   │
│             person              │
│   ---------------------------   │
│       NumOutputTuples: 0        │
│   ---------------------------   │
│   ExecutionTime: 12189.984000   │
└────────────────┬────────────────┘
┌────────────────┴────────────────┐
│          IN_QUERY_CALL          │
│   ---------------------------   │
│   ---------------------------   │
│       NumOutputTuples: 0        │
│   ---------------------------   │
│   ExecutionTime: 2283.849000    │
└─────────────────────────────────┘

┌───────────────────────────────┐
│┌─────────────────────────────┐│
││        Physical Plan        ││
│└─────────────────────────────┘│
└───────────────────────────────┘
┌───────────────────────────────┐
│       RESULT_COLLECTOR        │
│   -------------------------   │
│        explain result         │
│   -------------------------   │
│      NumOutputTuples: 0       │
│   -------------------------   │
│    ExecutionTime: 0.000000    │
└───────────────┬───────────────┘
┌───────────────┴───────────────┐
│            PROFILE            │
│   -------------------------   │
│            Explain            │
│   -------------------------   │
│      NumOutputTuples: 0       │
│   -------------------------   │
│    ExecutionTime: 0.000000    │
└───────────────┬───────────────┘
┌───────────────┴───────────────┐
│       RESULT_COLLECTOR        │
│   -------------------------   │
│             a.ID              │
│   -------------------------   │
│      NumOutputTuples: 0       │
│   -------------------------   │
│   ExecutionTime: 235.994000   │
└───────────────┬───────────────┘
┌───────────────┴───────────────┐
│          PROJECTION           │
│   -------------------------   │
│             a.ID              │
│   -------------------------   │
│     NumOutputTuples: 4883     │
│   -------------------------   │
│    ExecutionTime: 0.797000    │
└───────────────┬───────────────┘
┌───────────────┴───────────────┐
│     SCAN_MULTI_NODE_TABLE     │
│   -------------------------   │
│          a._ID a.ID           │
│   -------------------------   │
│      NumOutputTuples: 0       │
│   -------------------------   │
│   ExecutionTime: 899.613000   │
└───────────────────────────────┘

total 506992
-rw-r--r-- 1 r34luo r34luo       223 Jun 17 17:50 catalog.kz
-rw-r--r-- 1 r34luo r34luo  28319744 Jun 17 17:50 data.kz
-rw-r--r-- 1 r34luo r34luo     28672 Jun 17 17:50 metadata.kz
-rw-r--r-- 1 r34luo r34luo 491028480 Jun 17 17:50 n-0.hindex
-rw-r--r-- 1 r34luo r34luo        65 Jun 17 17:50 nodes.statistics_and_deleted.ids
-rw-r--r-- 1 r34luo r34luo         8 Jun 17 17:50 rels.statistics
$DONE

NUM_NODES=100000000
num_entries=100000000
Opened the database at path: ./workspace in read-write mode.
Enter ":help" for usage hints.
[6n----------------------------------
| result                         |
----------------------------------
| Table person has been created. |
----------------------------------
(1 tuple)
(1 column)
Time: 0.04ms (compiling), 46.58ms (executing)
┌──────────────────────────────────┐
│┌────────────────────────────────┐│
││         Physical Plan          ││
│└────────────────────────────────┘│
└──────────────────────────────────┘
┌──────────────────────────────────┐
│         RESULT_COLLECTOR         │
│   ----------------------------   │
│          explain result          │
│   ----------------------------   │
│        NumOutputTuples: 0        │
│   ----------------------------   │
│     ExecutionTime: 0.000000      │
└────────────────┬─────────────────┘
┌────────────────┴─────────────────┐
│             PROFILE              │
│   ----------------------------   │
│             Explain              │
│   ----------------------------   │
│        NumOutputTuples: 0        │
│   ----------------------------   │
│     ExecutionTime: 0.000000      │
└────────────────┬─────────────────┘
┌────────────────┴─────────────────┐
│         RESULT_COLLECTOR         │
│   ----------------------------   │
│              result              │
│   ----------------------------   │
│        NumOutputTuples: 0        │
│   ----------------------------   │
│     ExecutionTime: 0.163000      │
└────────────────┬─────────────────┘
┌────────────────┴─────────────────┐
│          IN_QUERY_CALL           │
│   ----------------------------   │
│              result              │
│   ----------------------------   │
│        NumOutputTuples: 0        │
│   ----------------------------   │
│     ExecutionTime: 0.002000      │
└────────────────┬─────────────────┘
┌────────────────┴─────────────────┐
│           BATCH_INSERT           │
│   ----------------------------   │
│              person              │
│   ----------------------------   │
│        NumOutputTuples: 0        │
│   ----------------------------   │
│   ExecutionTime: 158286.237000   │
└────────────────┬─────────────────┘
┌────────────────┴─────────────────┐
│          IN_QUERY_CALL           │
│   ----------------------------   │
│   ----------------------------   │
│        NumOutputTuples: 0        │
│   ----------------------------   │
│   ExecutionTime: 20195.741000    │
└──────────────────────────────────┘

┌─────────────────────────────────┐
│┌───────────────────────────────┐│
││         Physical Plan         ││
│└───────────────────────────────┘│
└─────────────────────────────────┘
┌─────────────────────────────────┐
│        RESULT_COLLECTOR         │
│   ---------------------------   │
│         explain result          │
│   ---------------------------   │
│       NumOutputTuples: 0        │
│   ---------------------------   │
│     ExecutionTime: 0.000000     │
└────────────────┬────────────────┘
┌────────────────┴────────────────┐
│             PROFILE             │
│   ---------------------------   │
│             Explain             │
│   ---------------------------   │
│       NumOutputTuples: 0        │
│   ---------------------------   │
│     ExecutionTime: 0.000000     │
└────────────────┬────────────────┘
┌────────────────┴────────────────┐
│        RESULT_COLLECTOR         │
│   ---------------------------   │
│              a.ID               │
│   ---------------------------   │
│       NumOutputTuples: 0        │
│   ---------------------------   │
│   ExecutionTime: 2540.952000    │
└────────────────┬────────────────┘
┌────────────────┴────────────────┐
│           PROJECTION            │
│   ---------------------------   │
│              a.ID               │
│   ---------------------------   │
│     NumOutputTuples: 48829      │
│   ---------------------------   │
│    ExecutionTime: 16.620000     │
└────────────────┬────────────────┘
┌────────────────┴────────────────┐
│      SCAN_MULTI_NODE_TABLE      │
│   ---------------------------   │
│           a._ID a.ID            │
│   ---------------------------   │
│       NumOutputTuples: 0        │
│   ---------------------------   │
│   ExecutionTime: 11070.576000   │
└─────────────────────────────────┘

total 4804940
-rw-r--r-- 1 r34luo r34luo        223 Jun 17 17:51 catalog.kz
-rw-r--r-- 1 r34luo r34luo  280506368 Jun 17 17:51 data.kz
-rw-r--r-- 1 r34luo r34luo     110592 Jun 17 17:51 metadata.kz
-rw-r--r-- 1 r34luo r34luo 4639629312 Jun 17 17:51 n-0.hindex
-rw-r--r-- 1 r34luo r34luo         65 Jun 17 17:51 nodes.statistics_and_deleted.ids
-rw-r--r-- 1 r34luo r34luo          8 Jun 17 17:51 rels.statistics
$DONE

