NUM_NODES=10000000
num_entries=10000000
Opened the database at path: ./workspace in read-write mode.
Enter ":help" for usage hints.
[6n----------------------------------
| result                         |
----------------------------------
| Table person has been created. |
----------------------------------
(1 tuple)
(1 column)
Time: 1.86ms (compiling), 13.39ms (executing)
┌─────────────────────────────────┐
│┌───────────────────────────────┐│
││         Physical Plan         ││
│└───────────────────────────────┘│
└─────────────────────────────────┘
┌─────────────────────────────────┐
│        RESULT_COLLECTOR         │
│   ---------------------------   │
│         explain result          │
│   ---------------------------   │
│       NumOutputTuples: 0        │
│   ---------------------------   │
│     ExecutionTime: 0.000000     │
└────────────────┬────────────────┘
┌────────────────┴────────────────┐
│             PROFILE             │
│   ---------------------------   │
│             Explain             │
│   ---------------------------   │
│       NumOutputTuples: 0        │
│   ---------------------------   │
│     ExecutionTime: 0.000000     │
└────────────────┬────────────────┘
┌────────────────┴────────────────┐
│        RESULT_COLLECTOR         │
│   ---------------------------   │
│             result              │
│   ---------------------------   │
│       NumOutputTuples: 0        │
│   ---------------------------   │
│     ExecutionTime: 0.040000     │
└────────────────┬────────────────┘
┌────────────────┴────────────────┐
│          IN_QUERY_CALL          │
│   ---------------------------   │
│             result              │
│   ---------------------------   │
│       NumOutputTuples: 0        │
│   ---------------------------   │
│     ExecutionTime: 0.001000     │
└────────────────┬────────────────┘
┌────────────────┴────────────────┐
│          BATCH_INSERT           │
│   ---------------------------   │
│             person              │
│   ---------------------------   │
│       NumOutputTuples: 0        │
│   ---------------------------   │
│   ExecutionTime: 11675.939000   │
└────────────────┬────────────────┘
┌────────────────┴────────────────┐
│          IN_QUERY_CALL          │
│   ---------------------------   │
│   ---------------------------   │
│       NumOutputTuples: 0        │
│   ---------------------------   │
│    ExecutionTime: 760.991000    │
└─────────────────────────────────┘

┌───────────────────────────────┐
│┌─────────────────────────────┐│
││        Physical Plan        ││
│└─────────────────────────────┘│
└───────────────────────────────┘
┌───────────────────────────────┐
│       RESULT_COLLECTOR        │
│   -------------------------   │
│        explain result         │
│   -------------------------   │
│      NumOutputTuples: 0       │
│   -------------------------   │
│    ExecutionTime: 0.000000    │
└───────────────┬───────────────┘
┌───────────────┴───────────────┐
│            PROFILE            │
│   -------------------------   │
│            Explain            │
│   -------------------------   │
│      NumOutputTuples: 0       │
│   -------------------------   │
│    ExecutionTime: 0.000000    │
└───────────────┬───────────────┘
┌───────────────┴───────────────┐
│       RESULT_COLLECTOR        │
│   -------------------------   │
│             a.ID              │
│   -------------------------   │
│      NumOutputTuples: 0       │
│   -------------------------   │
│   ExecutionTime: 212.901000   │
└───────────────┬───────────────┘
┌───────────────┴───────────────┐
│          PROJECTION           │
│   -------------------------   │
│             a.ID              │
│   -------------------------   │
│     NumOutputTuples: 4883     │
│   -------------------------   │
│    ExecutionTime: 0.682000    │
└───────────────┬───────────────┘
┌───────────────┴───────────────┐
│     SCAN_MULTI_NODE_TABLE     │
│   -------------------------   │
│          a._ID a.ID           │
│   -------------------------   │
│      NumOutputTuples: 0       │
│   -------------------------   │
│   ExecutionTime: 115.225000   │
└───────────────────────────────┘

total 314156
-rw-r--r-- 1 r34luo r34luo       215 Jun 17 17:47 catalog.kz
-rw-r--r-- 1 r34luo r34luo  28270592 Jun 17 17:47 data.kz
-rw-r--r-- 1 r34luo r34luo     28672 Jun 17 17:47 metadata.kz
-rw-r--r-- 1 r34luo r34luo 293625856 Jun 17 17:47 n-0.hindex
-rw-r--r-- 1 r34luo r34luo        65 Jun 17 17:47 nodes.statistics_and_deleted.ids
-rw-r--r-- 1 r34luo r34luo         8 Jun 17 17:47 rels.statistics
$DONE

NUM_NODES=100000000
num_entries=100000000
Opened the database at path: ./workspace in read-write mode.
Enter ":help" for usage hints.
[6n----------------------------------
| result                         |
----------------------------------
| Table person has been created. |
----------------------------------
(1 tuple)
(1 column)
Time: 0.04ms (compiling), 60.58ms (executing)
┌──────────────────────────────────┐
│┌────────────────────────────────┐│
││         Physical Plan          ││
│└────────────────────────────────┘│
└──────────────────────────────────┘
┌──────────────────────────────────┐
│         RESULT_COLLECTOR         │
│   ----------------------------   │
│          explain result          │
│   ----------------------------   │
│        NumOutputTuples: 0        │
│   ----------------------------   │
│     ExecutionTime: 0.000000      │
└────────────────┬─────────────────┘
┌────────────────┴─────────────────┐
│             PROFILE              │
│   ----------------------------   │
│             Explain              │
│   ----------------------------   │
│        NumOutputTuples: 0        │
│   ----------------------------   │
│     ExecutionTime: 0.000000      │
└────────────────┬─────────────────┘
┌────────────────┴─────────────────┐
│         RESULT_COLLECTOR         │
│   ----------------------------   │
│              result              │
│   ----------------------------   │
│        NumOutputTuples: 0        │
│   ----------------------------   │
│     ExecutionTime: 0.160000      │
└────────────────┬─────────────────┘
┌────────────────┴─────────────────┐
│          IN_QUERY_CALL           │
│   ----------------------------   │
│              result              │
│   ----------------------------   │
│        NumOutputTuples: 0        │
│   ----------------------------   │
│     ExecutionTime: 0.003000      │
└────────────────┬─────────────────┘
┌────────────────┴─────────────────┐
│           BATCH_INSERT           │
│   ----------------------------   │
│              person              │
│   ----------------------------   │
│        NumOutputTuples: 0        │
│   ----------------------------   │
│   ExecutionTime: 115297.019000   │
└────────────────┬─────────────────┘
┌────────────────┴─────────────────┐
│          IN_QUERY_CALL           │
│   ----------------------------   │
│   ----------------------------   │
│        NumOutputTuples: 0        │
│   ----------------------------   │
│    ExecutionTime: 5949.196000    │
└──────────────────────────────────┘

┌────────────────────────────────┐
│┌──────────────────────────────┐│
││        Physical Plan         ││
│└──────────────────────────────┘│
└────────────────────────────────┘
┌────────────────────────────────┐
│        RESULT_COLLECTOR        │
│   --------------------------   │
│         explain result         │
│   --------------------------   │
│       NumOutputTuples: 0       │
│   --------------------------   │
│    ExecutionTime: 0.000000     │
└───────────────┬────────────────┘
┌───────────────┴────────────────┐
│            PROFILE             │
│   --------------------------   │
│            Explain             │
│   --------------------------   │
│       NumOutputTuples: 0       │
│   --------------------------   │
│    ExecutionTime: 0.000000     │
└───────────────┬────────────────┘
┌───────────────┴────────────────┐
│        RESULT_COLLECTOR        │
│   --------------------------   │
│              a.ID              │
│   --------------------------   │
│       NumOutputTuples: 0       │
│   --------------------------   │
│   ExecutionTime: 2344.819000   │
└───────────────┬────────────────┘
┌───────────────┴────────────────┐
│           PROJECTION           │
│   --------------------------   │
│              a.ID              │
│   --------------------------   │
│     NumOutputTuples: 48829     │
│   --------------------------   │
│    ExecutionTime: 8.522000     │
└───────────────┬────────────────┘
┌───────────────┴────────────────┐
│     SCAN_MULTI_NODE_TABLE      │
│   --------------------------   │
│           a._ID a.ID           │
│   --------------------------   │
│       NumOutputTuples: 0       │
│   --------------------------   │
│   ExecutionTime: 1047.804000   │
└────────────────────────────────┘

total 3293980
-rw-r--r-- 1 r34luo r34luo        215 Jun 17 17:48 catalog.kz
-rw-r--r-- 1 r34luo r34luo  280043520 Jun 17 17:48 data.kz
-rw-r--r-- 1 r34luo r34luo     110592 Jun 17 17:48 metadata.kz
-rw-r--r-- 1 r34luo r34luo 3092885504 Jun 17 17:48 n-0.hindex
-rw-r--r-- 1 r34luo r34luo         65 Jun 17 17:48 nodes.statistics_and_deleted.ids
-rw-r--r-- 1 r34luo r34luo          8 Jun 17 17:48 rels.statistics
$DONE

