NUM_NODES=10000000
num_entries=10000000
Opened the database at path: ./workspace in read-write mode.
Enter ":help" for usage hints.
[6n----------------------------------
| result                         |
----------------------------------
| Table person has been created. |
----------------------------------
(1 tuple)
(1 column)
Time: 6.46ms (compiling), 58.91ms (executing)
┌─────────────────────────────────┐
│┌───────────────────────────────┐│
││         Physical Plan         ││
│└───────────────────────────────┘│
└─────────────────────────────────┘
┌─────────────────────────────────┐
│        RESULT_COLLECTOR         │
│   ---------------------------   │
│         explain result          │
│   ---------------------------   │
│       NumOutputTuples: 0        │
│   ---------------------------   │
│     ExecutionTime: 0.000000     │
└────────────────┬────────────────┘
┌────────────────┴────────────────┐
│             PROFILE             │
│   ---------------------------   │
│             Explain             │
│   ---------------------------   │
│       NumOutputTuples: 0        │
│   ---------------------------   │
│     ExecutionTime: 0.000000     │
└────────────────┬────────────────┘
┌────────────────┴────────────────┐
│        RESULT_COLLECTOR         │
│   ---------------------------   │
│             result              │
│   ---------------------------   │
│       NumOutputTuples: 0        │
│   ---------------------------   │
│     ExecutionTime: 0.011000     │
└────────────────┬────────────────┘
┌────────────────┴────────────────┐
│          IN_QUERY_CALL          │
│   ---------------------------   │
│             result              │
│   ---------------------------   │
│       NumOutputTuples: 0        │
│   ---------------------------   │
│     ExecutionTime: 0.001000     │
└────────────────┬────────────────┘
┌────────────────┴────────────────┐
│          BATCH_INSERT           │
│   ---------------------------   │
│             person              │
│   ---------------------------   │
│       NumOutputTuples: 0        │
│   ---------------------------   │
│   ExecutionTime: 36144.830000   │
└────────────────┬────────────────┘
┌────────────────┴────────────────┐
│          IN_QUERY_CALL          │
│   ---------------------------   │
│   ---------------------------   │
│       NumOutputTuples: 0        │
│   ---------------------------   │
│   ExecutionTime: 2126.818000    │
└─────────────────────────────────┘

┌───────────────────────────────┐
│┌─────────────────────────────┐│
││        Physical Plan        ││
│└─────────────────────────────┘│
└───────────────────────────────┘
┌───────────────────────────────┐
│       RESULT_COLLECTOR        │
│   -------------------------   │
│        explain result         │
│   -------------------------   │
│      NumOutputTuples: 0       │
│   -------------------------   │
│    ExecutionTime: 0.000000    │
└───────────────┬───────────────┘
┌───────────────┴───────────────┐
│            PROFILE            │
│   -------------------------   │
│            Explain            │
│   -------------------------   │
│      NumOutputTuples: 0       │
│   -------------------------   │
│    ExecutionTime: 0.000000    │
└───────────────┬───────────────┘
┌───────────────┴───────────────┐
│       RESULT_COLLECTOR        │
│   -------------------------   │
│             a.ID              │
│   -------------------------   │
│      NumOutputTuples: 0       │
│   -------------------------   │
│   ExecutionTime: 447.879000   │
└───────────────┬───────────────┘
┌───────────────┴───────────────┐
│          PROJECTION           │
│   -------------------------   │
│             a.ID              │
│   -------------------------   │
│     NumOutputTuples: 4883     │
│   -------------------------   │
│    ExecutionTime: 1.559000    │
└───────────────┬───────────────┘
┌───────────────┴───────────────┐
│     SCAN_MULTI_NODE_TABLE     │
│   -------------------------   │
│          a._ID a.ID           │
│   -------------------------   │
│      NumOutputTuples: 0       │
│   -------------------------   │
│   ExecutionTime: 449.387000   │
└───────────────────────────────┘

total 637048
-rw-r--r-- 1 r34luo r34luo       223 Jun 17 16:35 catalog.kz
-rw-r--r-- 1 r34luo r34luo 162742272 Jun 17 16:35 data.kz
-rw-r--r-- 1 r34luo r34luo     28672 Jun 17 16:35 metadata.kz
-rw-r--r-- 1 r34luo r34luo 491028480 Jun 17 16:35 n-0.hindex
-rw-r--r-- 1 r34luo r34luo        65 Jun 17 16:35 nodes.statistics_and_deleted.ids
-rw-r--r-- 1 r34luo r34luo         8 Jun 17 16:35 rels.statistics
$DONE

NUM_NODES=100000000
num_entries=100000000
Opened the database at path: ./workspace in read-write mode.
Enter ":help" for usage hints.
[6n----------------------------------
| result                         |
----------------------------------
| Table person has been created. |
----------------------------------
(1 tuple)
(1 column)
Time: 0.04ms (compiling), 49.83ms (executing)
┌──────────────────────────────────┐
│┌────────────────────────────────┐│
││         Physical Plan          ││
│└────────────────────────────────┘│
└──────────────────────────────────┘
┌──────────────────────────────────┐
│         RESULT_COLLECTOR         │
│   ----------------------------   │
│          explain result          │
│   ----------------------------   │
│        NumOutputTuples: 0        │
│   ----------------------------   │
│     ExecutionTime: 0.000000      │
└────────────────┬─────────────────┘
┌────────────────┴─────────────────┐
│             PROFILE              │
│   ----------------------------   │
│             Explain              │
│   ----------------------------   │
│        NumOutputTuples: 0        │
│   ----------------------------   │
│     ExecutionTime: 0.000000      │
└────────────────┬─────────────────┘
┌────────────────┴─────────────────┐
│         RESULT_COLLECTOR         │
│   ----------------------------   │
│              result              │
│   ----------------------------   │
│        NumOutputTuples: 0        │
│   ----------------------------   │
│     ExecutionTime: 0.325000      │
└────────────────┬─────────────────┘
┌────────────────┴─────────────────┐
│          IN_QUERY_CALL           │
│   ----------------------------   │
│              result              │
│   ----------------------------   │
│        NumOutputTuples: 0        │
│   ----------------------------   │
│     ExecutionTime: 0.005000      │
└────────────────┬─────────────────┘
┌────────────────┴─────────────────┐
│           BATCH_INSERT           │
│   ----------------------------   │
│              person              │
│   ----------------------------   │
│        NumOutputTuples: 0        │
│   ----------------------------   │
│   ExecutionTime: 157139.965000   │
└────────────────┬─────────────────┘
┌────────────────┴─────────────────┐
│          IN_QUERY_CALL           │
│   ----------------------------   │
│   ----------------------------   │
│        NumOutputTuples: 0        │
│   ----------------------------   │
│   ExecutionTime: 19755.251000    │
└──────────────────────────────────┘

┌────────────────────────────────┐
│┌──────────────────────────────┐│
││        Physical Plan         ││
│└──────────────────────────────┘│
└────────────────────────────────┘
┌────────────────────────────────┐
│        RESULT_COLLECTOR        │
│   --------------------------   │
│         explain result         │
│   --------------------------   │
│       NumOutputTuples: 0       │
│   --------------------------   │
│    ExecutionTime: 0.000000     │
└───────────────┬────────────────┘
┌───────────────┴────────────────┐
│            PROFILE             │
│   --------------------------   │
│            Explain             │
│   --------------------------   │
│       NumOutputTuples: 0       │
│   --------------------------   │
│    ExecutionTime: 0.000000     │
└───────────────┬────────────────┘
┌───────────────┴────────────────┐
│        RESULT_COLLECTOR        │
│   --------------------------   │
│              a.ID              │
│   --------------------------   │
│       NumOutputTuples: 0       │
│   --------------------------   │
│   ExecutionTime: 5389.821000   │
└───────────────┬────────────────┘
┌───────────────┴────────────────┐
│           PROJECTION           │
│   --------------------------   │
│              a.ID              │
│   --------------------------   │
│     NumOutputTuples: 48829     │
│   --------------------------   │
│    ExecutionTime: 23.956000    │
└───────────────┬────────────────┘
┌───────────────┴────────────────┐
│     SCAN_MULTI_NODE_TABLE      │
│   --------------------------   │
│           a._ID a.ID           │
│   --------------------------   │
│       NumOutputTuples: 0       │
│   --------------------------   │
│   ExecutionTime: 5400.968000   │
└────────────────────────────────┘

total 6105736
-rw-r--r-- 1 r34luo r34luo        223 Jun 17 16:36 catalog.kz
-rw-r--r-- 1 r34luo r34luo 1612627968 Jun 17 16:36 data.kz
-rw-r--r-- 1 r34luo r34luo     110592 Jun 17 16:36 metadata.kz
-rw-r--r-- 1 r34luo r34luo 4639629312 Jun 17 16:36 n-0.hindex
-rw-r--r-- 1 r34luo r34luo         65 Jun 17 16:36 nodes.statistics_and_deleted.ids
-rw-r--r-- 1 r34luo r34luo          8 Jun 17 16:36 rels.statistics
$DONE

