NUM_NODES=10000000
num_entries=10000000
Opened the database at path: ./workspace in read-write mode.
Enter ":help" for usage hints.
[6n----------------------------------
| result                         |
----------------------------------
| Table person has been created. |
----------------------------------
(1 tuple)
(1 column)
Time: 0.09ms (compiling), 56.02ms (executing)
┌─────────────────────────────────┐
│┌───────────────────────────────┐│
││         Physical Plan         ││
│└───────────────────────────────┘│
└─────────────────────────────────┘
┌─────────────────────────────────┐
│        RESULT_COLLECTOR         │
│   ---------------------------   │
│         explain result          │
│   ---------------------------   │
│       NumOutputTuples: 0        │
│   ---------------------------   │
│     ExecutionTime: 0.000000     │
└────────────────┬────────────────┘
┌────────────────┴────────────────┐
│             PROFILE             │
│   ---------------------------   │
│             Explain             │
│   ---------------------------   │
│       NumOutputTuples: 0        │
│   ---------------------------   │
│     ExecutionTime: 0.000000     │
└────────────────┬────────────────┘
┌────────────────┴────────────────┐
│        RESULT_COLLECTOR         │
│   ---------------------------   │
│             result              │
│   ---------------------------   │
│       NumOutputTuples: 0        │
│   ---------------------------   │
│     ExecutionTime: 0.270000     │
└────────────────┬────────────────┘
┌────────────────┴────────────────┐
│          IN_QUERY_CALL          │
│   ---------------------------   │
│             result              │
│   ---------------------------   │
│       NumOutputTuples: 0        │
│   ---------------------------   │
│     ExecutionTime: 0.003000     │
└────────────────┬────────────────┘
┌────────────────┴────────────────┐
│          BATCH_INSERT           │
│   ---------------------------   │
│             person              │
│   ---------------------------   │
│       NumOutputTuples: 0        │
│   ---------------------------   │
│   ExecutionTime: 15436.772000   │
└────────────────┬────────────────┘
┌────────────────┴────────────────┐
│          IN_QUERY_CALL          │
│   ---------------------------   │
│   ---------------------------   │
│       NumOutputTuples: 0        │
│   ---------------------------   │
│   ExecutionTime: 2759.031000    │
└─────────────────────────────────┘

┌───────────────────────────────┐
│┌─────────────────────────────┐│
││        Physical Plan        ││
│└─────────────────────────────┘│
└───────────────────────────────┘
┌───────────────────────────────┐
│       RESULT_COLLECTOR        │
│   -------------------------   │
│        explain result         │
│   -------------------------   │
│      NumOutputTuples: 0       │
│   -------------------------   │
│    ExecutionTime: 0.000000    │
└───────────────┬───────────────┘
┌───────────────┴───────────────┐
│            PROFILE            │
│   -------------------------   │
│            Explain            │
│   -------------------------   │
│      NumOutputTuples: 0       │
│   -------------------------   │
│    ExecutionTime: 0.000000    │
└───────────────┬───────────────┘
┌───────────────┴───────────────┐
│       RESULT_COLLECTOR        │
│   -------------------------   │
│             a.ID              │
│   -------------------------   │
│      NumOutputTuples: 0       │
│   -------------------------   │
│   ExecutionTime: 652.504000   │
└───────────────┬───────────────┘
┌───────────────┴───────────────┐
│          PROJECTION           │
│   -------------------------   │
│             a.ID              │
│   -------------------------   │
│     NumOutputTuples: 4883     │
│   -------------------------   │
│    ExecutionTime: 1.624000    │
└───────────────┬───────────────┘
┌───────────────┴───────────────┐
│     SCAN_MULTI_NODE_TABLE     │
│   -------------------------   │
│          a._ID a.ID           │
│   -------------------------   │
│      NumOutputTuples: 0       │
│   -------------------------   │
│   ExecutionTime: 574.029000   │
└───────────────────────────────┘

total 637152
-rw-r--r-- 1 r34luo r34luo       223 Jun 17 16:37 catalog.kz
-rw-r--r-- 1 r34luo r34luo 162742272 Jun 17 16:37 data.kz
-rw-r--r-- 1 r34luo r34luo     28672 Jun 17 16:37 metadata.kz
-rw-r--r-- 1 r34luo r34luo 491134976 Jun 17 16:37 n-0.hindex
-rw-r--r-- 1 r34luo r34luo        65 Jun 17 16:37 nodes.statistics_and_deleted.ids
-rw-r--r-- 1 r34luo r34luo         8 Jun 17 16:37 rels.statistics
$DONE

NUM_NODES=100000000
num_entries=100000000
Opened the database at path: ./workspace in read-write mode.
Enter ":help" for usage hints.
[6n----------------------------------
| result                         |
----------------------------------
| Table person has been created. |
----------------------------------
(1 tuple)
(1 column)
Time: 0.04ms (compiling), 61.66ms (executing)
┌──────────────────────────────────┐
│┌────────────────────────────────┐│
││         Physical Plan          ││
│└────────────────────────────────┘│
└──────────────────────────────────┘
┌──────────────────────────────────┐
│         RESULT_COLLECTOR         │
│   ----------------------------   │
│          explain result          │
│   ----------------------------   │
│        NumOutputTuples: 0        │
│   ----------------------------   │
│     ExecutionTime: 0.000000      │
└────────────────┬─────────────────┘
┌────────────────┴─────────────────┐
│             PROFILE              │
│   ----------------------------   │
│             Explain              │
│   ----------------------------   │
│        NumOutputTuples: 0        │
│   ----------------------------   │
│     ExecutionTime: 0.000000      │
└────────────────┬─────────────────┘
┌────────────────┴─────────────────┐
│         RESULT_COLLECTOR         │
│   ----------------------------   │
│              result              │
│   ----------------------------   │
│        NumOutputTuples: 0        │
│   ----------------------------   │
│     ExecutionTime: 0.037000      │
└────────────────┬─────────────────┘
┌────────────────┴─────────────────┐
│          IN_QUERY_CALL           │
│   ----------------------------   │
│              result              │
│   ----------------------------   │
│        NumOutputTuples: 0        │
│   ----------------------------   │
│     ExecutionTime: 0.005000      │
└────────────────┬─────────────────┘
┌────────────────┴─────────────────┐
│           BATCH_INSERT           │
│   ----------------------------   │
│              person              │
│   ----------------------------   │
│        NumOutputTuples: 0        │
│   ----------------------------   │
│   ExecutionTime: 157987.507000   │
└────────────────┬─────────────────┘
┌────────────────┴─────────────────┐
│          IN_QUERY_CALL           │
│   ----------------------------   │
│   ----------------------------   │
│        NumOutputTuples: 0        │
│   ----------------------------   │
│   ExecutionTime: 22062.317000    │
└──────────────────────────────────┘

┌────────────────────────────────┐
│┌──────────────────────────────┐│
││        Physical Plan         ││
│└──────────────────────────────┘│
└────────────────────────────────┘
┌────────────────────────────────┐
│        RESULT_COLLECTOR        │
│   --------------------------   │
│         explain result         │
│   --------------------------   │
│       NumOutputTuples: 0       │
│   --------------------------   │
│    ExecutionTime: 0.000000     │
└───────────────┬────────────────┘
┌───────────────┴────────────────┐
│            PROFILE             │
│   --------------------------   │
│            Explain             │
│   --------------------------   │
│       NumOutputTuples: 0       │
│   --------------------------   │
│    ExecutionTime: 0.000000     │
└───────────────┬────────────────┘
┌───────────────┴────────────────┐
│        RESULT_COLLECTOR        │
│   --------------------------   │
│              a.ID              │
│   --------------------------   │
│       NumOutputTuples: 0       │
│   --------------------------   │
│   ExecutionTime: 5068.377000   │
└───────────────┬────────────────┘
┌───────────────┴────────────────┐
│           PROJECTION           │
│   --------------------------   │
│              a.ID              │
│   --------------------------   │
│     NumOutputTuples: 48829     │
│   --------------------------   │
│    ExecutionTime: 20.401000    │
└───────────────┬────────────────┘
┌───────────────┴────────────────┐
│     SCAN_MULTI_NODE_TABLE      │
│   --------------------------   │
│           a._ID a.ID           │
│   --------------------------   │
│       NumOutputTuples: 0       │
│   --------------------------   │
│   ExecutionTime: 4815.542000   │
└────────────────────────────────┘

total 6105724
-rw-r--r-- 1 r34luo r34luo        223 Jun 17 16:38 catalog.kz
-rw-r--r-- 1 r34luo r34luo 1612627968 Jun 17 16:38 data.kz
-rw-r--r-- 1 r34luo r34luo     110592 Jun 17 16:38 metadata.kz
-rw-r--r-- 1 r34luo r34luo 4639612928 Jun 17 16:38 n-0.hindex
-rw-r--r-- 1 r34luo r34luo         65 Jun 17 16:38 nodes.statistics_and_deleted.ids
-rw-r--r-- 1 r34luo r34luo          8 Jun 17 16:38 rels.statistics
$DONE

